<?xml version="1.0" encoding="UTF-8"?>
<coverage generated="1576924207132" clover="3.2.0">
  <project timestamp="1576924207132" name="All files">
    <metrics statements="69" coveredstatements="69" conditionals="31" coveredconditionals="29" methods="15" coveredmethods="15" elements="115" coveredelements="113" complexity="0" loc="69" ncloc="69" packages="1" files="5" classes="5"/>
    <file name="cookieParameters.js" path="/Users/nimagardideh/Documents/workspace/pearmill/attribution.js/lib/cookieParameters.js">
      <metrics statements="6" coveredstatements="6" conditionals="2" coveredconditionals="2" methods="2" coveredmethods="2"/>
      <line num="4" count="30" type="stmt"/>
      <line num="6" count="30" type="stmt"/>
      <line num="7" count="464" type="stmt"/>
      <line num="9" count="464" type="cond" truecount="2" falsecount="0"/>
      <line num="10" count="9" type="stmt"/>
      <line num="14" count="30" type="stmt"/>
    </file>
    <file name="index.js" path="/Users/nimagardideh/Documents/workspace/pearmill/attribution.js/lib/index.js">
      <metrics statements="38" coveredstatements="38" conditionals="20" coveredconditionals="18" methods="7" coveredmethods="7"/>
      <line num="6" count="2" type="stmt"/>
      <line num="48" count="2" type="stmt"/>
      <line num="50" count="2" type="stmt"/>
      <line num="52" count="27" type="stmt"/>
      <line num="53" count="27" type="stmt"/>
      <line num="60" count="27" type="cond" truecount="2" falsecount="0"/>
      <line num="61" count="26" type="stmt"/>
      <line num="64" count="27" type="cond" truecount="2" falsecount="0"/>
      <line num="65" count="11" type="stmt"/>
      <line num="66" count="11" type="cond" truecount="1" falsecount="1"/>
      <line num="67" count="8" type="cond" truecount="1" falsecount="1"/>
      <line num="68" count="8" type="stmt"/>
      <line num="72" count="11" type="cond" truecount="2" falsecount="0"/>
      <line num="73" count="3" type="stmt"/>
      <line num="74" count="3" type="stmt"/>
      <line num="78" count="24" type="cond" truecount="2" falsecount="0"/>
      <line num="79" count="2" type="cond" truecount="2" falsecount="0"/>
      <line num="80" count="1" type="stmt"/>
      <line num="81" count="1" type="stmt"/>
      <line num="85" count="23" type="stmt"/>
      <line num="88" count="39" type="stmt"/>
      <line num="90" count="23" type="cond" truecount="2" falsecount="0"/>
      <line num="91" count="2" type="stmt"/>
      <line num="94" count="23" type="stmt"/>
      <line num="96" count="23" type="stmt"/>
      <line num="99" count="2" type="stmt"/>
      <line num="100" count="60" type="cond" truecount="2" falsecount="0"/>
      <line num="101" count="30" type="stmt"/>
      <line num="107" count="60" type="stmt"/>
      <line num="110" count="2" type="stmt"/>
      <line num="111" count="4" type="cond" truecount="2" falsecount="0"/>
      <line num="112" count="1" type="stmt"/>
      <line num="115" count="4" type="stmt"/>
      <line num="118" count="2" type="stmt"/>
      <line num="119" count="1" type="stmt"/>
      <line num="121" count="1" type="stmt"/>
      <line num="124" count="2" type="stmt"/>
      <line num="125" count="1" type="stmt"/>
    </file>
    <file name="log.js" path="/Users/nimagardideh/Documents/workspace/pearmill/attribution.js/lib/log.js">
      <metrics statements="4" coveredstatements="4" conditionals="5" coveredconditionals="5" methods="2" coveredmethods="2"/>
      <line num="2" count="6" type="cond" truecount="5" falsecount="0"/>
      <line num="3" count="1" type="stmt"/>
      <line num="7" count="4" type="stmt"/>
      <line num="8" count="3" type="stmt"/>
    </file>
    <file name="queryParameters.js" path="/Users/nimagardideh/Documents/workspace/pearmill/attribution.js/lib/queryParameters.js">
      <metrics statements="10" coveredstatements="10" conditionals="2" coveredconditionals="2" methods="2" coveredmethods="2"/>
      <line num="2" count="30" type="stmt"/>
      <line num="3" count="30" type="stmt"/>
      <line num="4" count="30" type="stmt"/>
      <line num="7" count="42" type="stmt"/>
      <line num="8" count="42" type="stmt"/>
      <line num="9" count="42" type="stmt"/>
      <line num="10" count="42" type="stmt"/>
      <line num="12" count="42" type="cond" truecount="2" falsecount="0"/>
      <line num="13" count="29" type="stmt"/>
      <line num="17" count="30" type="stmt"/>
    </file>
    <file name="visitParameters.js" path="/Users/nimagardideh/Documents/workspace/pearmill/attribution.js/lib/visitParameters.js">
      <metrics statements="11" coveredstatements="11" conditionals="2" coveredconditionals="2" methods="2" coveredmethods="2"/>
      <line num="3" count="3" type="stmt"/>
      <line num="4" count="40" type="stmt"/>
      <line num="5" count="40" type="stmt"/>
      <line num="7" count="40" type="cond" truecount="2" falsecount="0"/>
      <line num="9" count="1" type="stmt"/>
      <line num="11" count="1" type="stmt"/>
      <line num="15" count="3" type="stmt"/>
      <line num="16" count="65" type="stmt"/>
      <line num="17" count="65" type="stmt"/>
      <line num="18" count="64" type="stmt"/>
      <line num="21" count="1" type="stmt"/>
    </file>
  </project>
</coverage>
