{"/Users/nimagardideh/Documents/workspace/pearmill/attribution.js/lib/cookieParameters.js": {"path":"/Users/nimagardideh/Documents/workspace/pearmill/attribution.js/lib/cookieParameters.js","statementMap":{"0":{"start":{"line":4,"column":17},"end":{"line":4,"column":19}},"1":{"start":{"line":6,"column":2},"end":{"line":12,"column":4}},"2":{"start":{"line":7,"column":18},"end":{"line":7,"column":34}},"3":{"start":{"line":9,"column":4},"end":{"line":11,"column":5}},"4":{"start":{"line":10,"column":6},"end":{"line":10,"column":26}},"5":{"start":{"line":14,"column":2},"end":{"line":14,"column":15}}},"fnMap":{"0":{"name":"(anonymous_0)","decl":{"start":{"line":3,"column":15},"end":{"line":3,"column":16}},"loc":{"start":{"line":3,"column":29},"end":{"line":15,"column":1}},"line":3},"1":{"name":"(anonymous_1)","decl":{"start":{"line":6,"column":28},"end":{"line":6,"column":29}},"loc":{"start":{"line":6,"column":37},"end":{"line":12,"column":3}},"line":6}},"branchMap":{"0":{"loc":{"start":{"line":9,"column":4},"end":{"line":11,"column":5}},"type":"if","locations":[{"start":{"line":9,"column":4},"end":{"line":11,"column":5}},{"start":{"line":9,"column":4},"end":{"line":11,"column":5}}],"line":9}},"s":{"0":30,"1":30,"2":464,"3":464,"4":9,"5":30},"f":{"0":30,"1":464},"b":{"0":[9,455]},"_coverageSchema":"43e27e138ebf9cfc5966b082cf9a028302ed4184","hash":"06f6556687b014e728f4b15204be8ef1c819910a"}
,"/Users/nimagardideh/Documents/workspace/pearmill/attribution.js/lib/index.js": {"path":"/Users/nimagardideh/Documents/workspace/pearmill/attribution.js/lib/index.js","statementMap":{"0":{"start":{"line":6,"column":23},"end":{"line":46,"column":1}},"1":{"start":{"line":48,"column":16},"end":{"line":48,"column":20}},"2":{"start":{"line":50,"column":20},"end":{"line":97,"column":1}},"3":{"start":{"line":52,"column":25},"end":{"line":52,"column":62}},"4":{"start":{"line":53,"column":2},"end":{"line":58,"column":3}},"5":{"start":{"line":60,"column":2},"end":{"line":62,"column":3}},"6":{"start":{"line":61,"column":4},"end":{"line":61,"column":42}},"7":{"start":{"line":64,"column":2},"end":{"line":76,"column":3}},"8":{"start":{"line":65,"column":23},"end":{"line":65,"column":27}},"9":{"start":{"line":66,"column":4},"end":{"line":70,"column":6}},"10":{"start":{"line":67,"column":6},"end":{"line":69,"column":7}},"11":{"start":{"line":68,"column":8},"end":{"line":68,"column":28}},"12":{"start":{"line":72,"column":4},"end":{"line":75,"column":5}},"13":{"start":{"line":73,"column":6},"end":{"line":73,"column":54}},"14":{"start":{"line":74,"column":6},"end":{"line":74,"column":12}},"15":{"start":{"line":78,"column":2},"end":{"line":83,"column":3}},"16":{"start":{"line":79,"column":4},"end":{"line":82,"column":5}},"17":{"start":{"line":80,"column":6},"end":{"line":80,"column":66}},"18":{"start":{"line":81,"column":6},"end":{"line":81,"column":12}},"19":{"start":{"line":85,"column":15},"end":{"line":88,"column":20}},"20":{"start":{"line":88,"column":16},"end":{"line":88,"column":19}},"21":{"start":{"line":90,"column":2},"end":{"line":92,"column":3}},"22":{"start":{"line":91,"column":4},"end":{"line":91,"column":61}},"23":{"start":{"line":94,"column":2},"end":{"line":94,"column":47}},"24":{"start":{"line":96,"column":2},"end":{"line":96,"column":18}},"25":{"start":{"line":99,"column":24},"end":{"line":108,"column":1}},"26":{"start":{"line":100,"column":2},"end":{"line":105,"column":3}},"27":{"start":{"line":101,"column":4},"end":{"line":104,"column":5}},"28":{"start":{"line":107,"column":2},"end":{"line":107,"column":25}},"29":{"start":{"line":110,"column":22},"end":{"line":116,"column":1}},"30":{"start":{"line":111,"column":2},"end":{"line":113,"column":3}},"31":{"start":{"line":112,"column":4},"end":{"line":112,"column":10}},"32":{"start":{"line":115,"column":2},"end":{"line":115,"column":18}},"33":{"start":{"line":118,"column":32},"end":{"line":122,"column":1}},"34":{"start":{"line":119,"column":17},"end":{"line":119,"column":54}},"35":{"start":{"line":121,"column":4},"end":{"line":121,"column":20}},"36":{"start":{"line":124,"column":32},"end":{"line":126,"column":1}},"37":{"start":{"line":125,"column":2},"end":{"line":125,"column":46}}},"fnMap":{"0":{"name":"(anonymous_0)","decl":{"start":{"line":50,"column":20},"end":{"line":50,"column":21}},"loc":{"start":{"line":50,"column":26},"end":{"line":97,"column":1}},"line":50},"1":{"name":"(anonymous_1)","decl":{"start":{"line":66,"column":49},"end":{"line":66,"column":50}},"loc":{"start":{"line":66,"column":56},"end":{"line":70,"column":5}},"line":66},"2":{"name":"(anonymous_2)","decl":{"start":{"line":88,"column":11},"end":{"line":88,"column":12}},"loc":{"start":{"line":88,"column":16},"end":{"line":88,"column":19}},"line":88},"3":{"name":"(anonymous_3)","decl":{"start":{"line":99,"column":24},"end":{"line":99,"column":25}},"loc":{"start":{"line":99,"column":37},"end":{"line":108,"column":1}},"line":99},"4":{"name":"(anonymous_4)","decl":{"start":{"line":110,"column":22},"end":{"line":110,"column":23}},"loc":{"start":{"line":110,"column":28},"end":{"line":116,"column":1}},"line":110},"5":{"name":"(anonymous_5)","decl":{"start":{"line":118,"column":32},"end":{"line":118,"column":33}},"loc":{"start":{"line":118,"column":38},"end":{"line":122,"column":1}},"line":118},"6":{"name":"(anonymous_6)","decl":{"start":{"line":124,"column":32},"end":{"line":124,"column":33}},"loc":{"start":{"line":124,"column":38},"end":{"line":126,"column":1}},"line":124}},"branchMap":{"0":{"loc":{"start":{"line":60,"column":2},"end":{"line":62,"column":3}},"type":"if","locations":[{"start":{"line":60,"column":2},"end":{"line":62,"column":3}},{"start":{"line":60,"column":2},"end":{"line":62,"column":3}}],"line":60},"1":{"loc":{"start":{"line":64,"column":2},"end":{"line":76,"column":3}},"type":"if","locations":[{"start":{"line":64,"column":2},"end":{"line":76,"column":3}},{"start":{"line":64,"column":2},"end":{"line":76,"column":3}}],"line":64},"2":{"loc":{"start":{"line":66,"column":17},"end":{"line":66,"column":38}},"type":"binary-expr","locations":[{"start":{"line":66,"column":17},"end":{"line":66,"column":32}},{"start":{"line":66,"column":36},"end":{"line":66,"column":38}}],"line":66},"3":{"loc":{"start":{"line":67,"column":6},"end":{"line":69,"column":7}},"type":"if","locations":[{"start":{"line":67,"column":6},"end":{"line":69,"column":7}},{"start":{"line":67,"column":6},"end":{"line":69,"column":7}}],"line":67},"4":{"loc":{"start":{"line":72,"column":4},"end":{"line":75,"column":5}},"type":"if","locations":[{"start":{"line":72,"column":4},"end":{"line":75,"column":5}},{"start":{"line":72,"column":4},"end":{"line":75,"column":5}}],"line":72},"5":{"loc":{"start":{"line":78,"column":2},"end":{"line":83,"column":3}},"type":"if","locations":[{"start":{"line":78,"column":2},"end":{"line":83,"column":3}},{"start":{"line":78,"column":2},"end":{"line":83,"column":3}}],"line":78},"6":{"loc":{"start":{"line":79,"column":4},"end":{"line":82,"column":5}},"type":"if","locations":[{"start":{"line":79,"column":4},"end":{"line":82,"column":5}},{"start":{"line":79,"column":4},"end":{"line":82,"column":5}}],"line":79},"7":{"loc":{"start":{"line":90,"column":2},"end":{"line":92,"column":3}},"type":"if","locations":[{"start":{"line":90,"column":2},"end":{"line":92,"column":3}},{"start":{"line":90,"column":2},"end":{"line":92,"column":3}}],"line":90},"8":{"loc":{"start":{"line":100,"column":2},"end":{"line":105,"column":3}},"type":"if","locations":[{"start":{"line":100,"column":2},"end":{"line":105,"column":3}},{"start":{"line":100,"column":2},"end":{"line":105,"column":3}}],"line":100},"9":{"loc":{"start":{"line":111,"column":2},"end":{"line":113,"column":3}},"type":"if","locations":[{"start":{"line":111,"column":2},"end":{"line":113,"column":3}},{"start":{"line":111,"column":2},"end":{"line":113,"column":3}}],"line":111}},"s":{"0":2,"1":2,"2":2,"3":27,"4":27,"5":27,"6":26,"7":27,"8":11,"9":11,"10":8,"11":8,"12":11,"13":3,"14":3,"15":24,"16":2,"17":1,"18":1,"19":23,"20":39,"21":23,"22":2,"23":23,"24":23,"25":2,"26":60,"27":30,"28":60,"29":2,"30":4,"31":1,"32":4,"33":2,"34":1,"35":1,"36":2,"37":1},"f":{"0":27,"1":8,"2":39,"3":60,"4":4,"5":1,"6":1},"b":{"0":[26,1],"1":[11,16],"2":[11,0],"3":[8,0],"4":[3,8],"5":[2,22],"6":[1,1],"7":[2,21],"8":[30,30],"9":[1,3]},"_coverageSchema":"43e27e138ebf9cfc5966b082cf9a028302ed4184","hash":"f54e779858f21b07ed950b0aebcadd07e91530fc"}
,"/Users/nimagardideh/Documents/workspace/pearmill/attribution.js/lib/log.js": {"path":"/Users/nimagardideh/Documents/workspace/pearmill/attribution.js/lib/log.js","statementMap":{"0":{"start":{"line":2,"column":2},"end":{"line":4,"column":3}},"1":{"start":{"line":3,"column":4},"end":{"line":3,"column":65}},"2":{"start":{"line":7,"column":21},"end":{"line":9,"column":1}},"3":{"start":{"line":8,"column":2},"end":{"line":8,"column":67}}},"fnMap":{"0":{"name":"(anonymous_0)","decl":{"start":{"line":1,"column":15},"end":{"line":1,"column":16}},"loc":{"start":{"line":1,"column":28},"end":{"line":5,"column":1}},"line":1},"1":{"name":"(anonymous_1)","decl":{"start":{"line":7,"column":21},"end":{"line":7,"column":22}},"loc":{"start":{"line":7,"column":34},"end":{"line":9,"column":1}},"line":7}},"branchMap":{"0":{"loc":{"start":{"line":2,"column":2},"end":{"line":4,"column":3}},"type":"if","locations":[{"start":{"line":2,"column":2},"end":{"line":4,"column":3}},{"start":{"line":2,"column":2},"end":{"line":4,"column":3}}],"line":2},"1":{"loc":{"start":{"line":2,"column":6},"end":{"line":2,"column":94}},"type":"binary-expr","locations":[{"start":{"line":2,"column":6},"end":{"line":2,"column":24}},{"start":{"line":2,"column":28},"end":{"line":2,"column":55}},{"start":{"line":2,"column":59},"end":{"line":2,"column":94}}],"line":2}},"s":{"0":6,"1":1,"2":4,"3":3},"f":{"0":6,"1":3},"b":{"0":[1,5],"1":[6,2,2]},"_coverageSchema":"43e27e138ebf9cfc5966b082cf9a028302ed4184","hash":"bb43e27ff5120127d6d77e6e8658bd9b51768a7d"}
,"/Users/nimagardideh/Documents/workspace/pearmill/attribution.js/lib/queryParameters.js": {"path":"/Users/nimagardideh/Documents/workspace/pearmill/attribution.js/lib/queryParameters.js","statementMap":{"0":{"start":{"line":2,"column":16},"end":{"line":2,"column":18}},"1":{"start":{"line":3,"column":17},"end":{"line":3,"column":19}},"2":{"start":{"line":4,"column":2},"end":{"line":15,"column":5}},"3":{"start":{"line":7,"column":25},"end":{"line":7,"column":41}},"4":{"start":{"line":8,"column":23},"end":{"line":8,"column":46}},"5":{"start":{"line":9,"column":25},"end":{"line":9,"column":50}},"6":{"start":{"line":10,"column":4},"end":{"line":10,"column":37}},"7":{"start":{"line":12,"column":4},"end":{"line":14,"column":5}},"8":{"start":{"line":13,"column":6},"end":{"line":13,"column":40}},"9":{"start":{"line":17,"column":2},"end":{"line":17,"column":15}}},"fnMap":{"0":{"name":"(anonymous_0)","decl":{"start":{"line":1,"column":15},"end":{"line":1,"column":16}},"loc":{"start":{"line":1,"column":29},"end":{"line":18,"column":1}},"line":1},"1":{"name":"(anonymous_1)","decl":{"start":{"line":6,"column":7},"end":{"line":6,"column":8}},"loc":{"start":{"line":6,"column":18},"end":{"line":15,"column":3}},"line":6}},"branchMap":{"0":{"loc":{"start":{"line":12,"column":4},"end":{"line":14,"column":5}},"type":"if","locations":[{"start":{"line":12,"column":4},"end":{"line":14,"column":5}},{"start":{"line":12,"column":4},"end":{"line":14,"column":5}}],"line":12}},"s":{"0":30,"1":30,"2":30,"3":42,"4":42,"5":42,"6":42,"7":42,"8":29,"9":30},"f":{"0":30,"1":42},"b":{"0":[29,13]},"_coverageSchema":"43e27e138ebf9cfc5966b082cf9a028302ed4184","hash":"30c969d9ae2cbb34c9a7b4f0453c717942352c24"}
,"/Users/nimagardideh/Documents/workspace/pearmill/attribution.js/lib/visitParameters.js": {"path":"/Users/nimagardideh/Documents/workspace/pearmill/attribution.js/lib/visitParameters.js","statementMap":{"0":{"start":{"line":3,"column":19},"end":{"line":13,"column":1}},"1":{"start":{"line":4,"column":2},"end":{"line":12,"column":3}},"2":{"start":{"line":5,"column":16},"end":{"line":5,"column":63}},"3":{"start":{"line":7,"column":4},"end":{"line":7,"column":32}},"4":{"start":{"line":9,"column":4},"end":{"line":9,"column":58}},"5":{"start":{"line":11,"column":4},"end":{"line":11,"column":13}},"6":{"start":{"line":15,"column":19},"end":{"line":23,"column":1}},"7":{"start":{"line":16,"column":2},"end":{"line":22,"column":3}},"8":{"start":{"line":17,"column":16},"end":{"line":17,"column":45}},"9":{"start":{"line":18,"column":4},"end":{"line":18,"column":56}},"10":{"start":{"line":21,"column":4},"end":{"line":21,"column":58}}},"fnMap":{"0":{"name":"(anonymous_0)","decl":{"start":{"line":3,"column":19},"end":{"line":3,"column":20}},"loc":{"start":{"line":3,"column":33},"end":{"line":13,"column":1}},"line":3},"1":{"name":"(anonymous_1)","decl":{"start":{"line":15,"column":19},"end":{"line":15,"column":20}},"loc":{"start":{"line":15,"column":48},"end":{"line":23,"column":1}},"line":15}},"branchMap":{"0":{"loc":{"start":{"line":7,"column":11},"end":{"line":7,"column":32}},"type":"binary-expr","locations":[{"start":{"line":7,"column":11},"end":{"line":7,"column":26}},{"start":{"line":7,"column":30},"end":{"line":7,"column":32}}],"line":7}},"s":{"0":3,"1":40,"2":40,"3":40,"4":1,"5":1,"6":3,"7":65,"8":65,"9":64,"10":1},"f":{"0":40,"1":65},"b":{"0":[40,1]},"_coverageSchema":"43e27e138ebf9cfc5966b082cf9a028302ed4184","hash":"6b56eb4b69b2fd41e4df45ec6c5598d37e4db034"}
}
