TN:
SF:/Users/nimagardideh/Documents/workspace/pearmill/attribution.js/lib/cookieParameters.js
FN:3,(anonymous_0)
FN:6,(anonymous_1)
FNF:2
FNH:2
FNDA:30,(anonymous_0)
FNDA:464,(anonymous_1)
DA:4,30
DA:6,30
DA:7,464
DA:9,464
DA:10,9
DA:14,30
LF:6
LH:6
BRDA:9,0,0,9
BRDA:9,0,1,455
BRF:2
BRH:2
end_of_record
TN:
SF:/Users/nimagardideh/Documents/workspace/pearmill/attribution.js/lib/index.js
FN:50,(anonymous_0)
FN:66,(anonymous_1)
FN:88,(anonymous_2)
FN:99,(anonymous_3)
FN:110,(anonymous_4)
FN:118,(anonymous_5)
FN:124,(anonymous_6)
FNF:7
FNH:7
FNDA:27,(anonymous_0)
FNDA:8,(anonymous_1)
FNDA:39,(anonymous_2)
FNDA:60,(anonymous_3)
FNDA:4,(anonymous_4)
FNDA:1,(anonymous_5)
FNDA:1,(anonymous_6)
DA:6,2
DA:48,2
DA:50,2
DA:52,27
DA:53,27
DA:60,27
DA:61,26
DA:64,27
DA:65,11
DA:66,11
DA:67,8
DA:68,8
DA:72,11
DA:73,3
DA:74,3
DA:78,24
DA:79,2
DA:80,1
DA:81,1
DA:85,23
DA:88,39
DA:90,23
DA:91,2
DA:94,23
DA:96,23
DA:99,2
DA:100,60
DA:101,30
DA:107,60
DA:110,2
DA:111,4
DA:112,1
DA:115,4
DA:118,2
DA:119,1
DA:121,1
DA:124,2
DA:125,1
LF:38
LH:38
BRDA:60,0,0,26
BRDA:60,0,1,1
BRDA:64,1,0,11
BRDA:64,1,1,16
BRDA:66,2,0,11
BRDA:66,2,1,0
BRDA:67,3,0,8
BRDA:67,3,1,0
BRDA:72,4,0,3
BRDA:72,4,1,8
BRDA:78,5,0,2
BRDA:78,5,1,22
BRDA:79,6,0,1
BRDA:79,6,1,1
BRDA:90,7,0,2
BRDA:90,7,1,21
BRDA:100,8,0,30
BRDA:100,8,1,30
BRDA:111,9,0,1
BRDA:111,9,1,3
BRF:20
BRH:18
end_of_record
TN:
SF:/Users/nimagardideh/Documents/workspace/pearmill/attribution.js/lib/log.js
FN:1,(anonymous_0)
FN:7,(anonymous_1)
FNF:2
FNH:2
FNDA:6,(anonymous_0)
FNDA:3,(anonymous_1)
DA:2,6
DA:3,1
DA:7,4
DA:8,3
LF:4
LH:4
BRDA:2,0,0,1
BRDA:2,0,1,5
BRDA:2,1,0,6
BRDA:2,1,1,2
BRDA:2,1,2,2
BRF:5
BRH:5
end_of_record
TN:
SF:/Users/nimagardideh/Documents/workspace/pearmill/attribution.js/lib/queryParameters.js
FN:1,(anonymous_0)
FN:6,(anonymous_1)
FNF:2
FNH:2
FNDA:30,(anonymous_0)
FNDA:42,(anonymous_1)
DA:2,30
DA:3,30
DA:4,30
DA:7,42
DA:8,42
DA:9,42
DA:10,42
DA:12,42
DA:13,29
DA:17,30
LF:10
LH:10
BRDA:12,0,0,29
BRDA:12,0,1,13
BRF:2
BRH:2
end_of_record
TN:
SF:/Users/nimagardideh/Documents/workspace/pearmill/attribution.js/lib/visitParameters.js
FN:3,(anonymous_0)
FN:15,(anonymous_1)
FNF:2
FNH:2
FNDA:40,(anonymous_0)
FNDA:65,(anonymous_1)
DA:3,3
DA:4,40
DA:5,40
DA:7,40
DA:9,1
DA:11,1
DA:15,3
DA:16,65
DA:17,65
DA:18,64
DA:21,1
LF:11
LH:11
BRDA:7,0,0,40
BRDA:7,0,1,1
BRF:2
BRH:2
end_of_record
