TN:
SF:/Users/nimagardideh/Documents/workspace/pearmill/attribution.js/lib/cookieParameters.js
FN:3,(anonymous_0)
FN:6,(anonymous_1)
FNF:2
FNH:2
FNDA:32,(anonymous_0)
FNDA:498,(anonymous_1)
DA:4,32
DA:6,32
DA:7,498
DA:9,498
DA:10,12
DA:14,32
LF:6
LH:6
BRDA:9,0,0,12
BRDA:9,0,1,486
BRF:2
BRH:2
end_of_record
TN:
SF:/Users/nimagardideh/Documents/workspace/pearmill/attribution.js/lib/index.js
FN:49,(anonymous_0)
FN:64,(anonymous_1)
FN:86,(anonymous_2)
FN:97,(anonymous_3)
FN:108,(anonymous_4)
FN:116,(anonymous_5)
FN:122,(anonymous_6)
FN:128,(anonymous_7)
FNF:8
FNH:8
FNDA:29,(anonymous_0)
FNDA:8,(anonymous_1)
FNDA:44,(anonymous_2)
FNDA:60,(anonymous_3)
FNDA:4,(anonymous_4)
FNDA:1,(anonymous_5)
FNDA:1,(anonymous_6)
FNDA:1,(anonymous_7)
DA:6,2
DA:47,2
DA:49,2
DA:51,29
DA:52,29
DA:58,29
DA:59,28
DA:62,29
DA:63,11
DA:64,11
DA:65,8
DA:66,8
DA:70,11
DA:71,3
DA:72,3
DA:76,26
DA:77,2
DA:78,1
DA:79,1
DA:83,25
DA:86,44
DA:88,25
DA:89,2
DA:92,25
DA:94,25
DA:97,2
DA:98,60
DA:99,30
DA:105,60
DA:108,2
DA:109,4
DA:110,1
DA:113,4
DA:116,2
DA:117,1
DA:119,1
DA:122,2
DA:123,1
DA:125,1
DA:128,2
DA:129,1
LF:41
LH:41
BRDA:58,0,0,28
BRDA:58,0,1,1
BRDA:62,1,0,11
BRDA:62,1,1,18
BRDA:64,2,0,11
BRDA:64,2,1,0
BRDA:65,3,0,8
BRDA:65,3,1,0
BRDA:70,4,0,3
BRDA:70,4,1,8
BRDA:76,5,0,2
BRDA:76,5,1,24
BRDA:77,6,0,1
BRDA:77,6,1,1
BRDA:88,7,0,2
BRDA:88,7,1,23
BRDA:98,8,0,30
BRDA:98,8,1,30
BRDA:109,9,0,1
BRDA:109,9,1,3
BRF:20
BRH:18
end_of_record
TN:
SF:/Users/nimagardideh/Documents/workspace/pearmill/attribution.js/lib/log.js
FN:1,(anonymous_0)
FN:7,(anonymous_1)
FNF:2
FNH:2
FNDA:6,(anonymous_0)
FNDA:3,(anonymous_1)
DA:2,6
DA:3,1
DA:7,4
DA:8,3
LF:4
LH:4
BRDA:2,0,0,1
BRDA:2,0,1,5
BRDA:2,1,0,6
BRDA:2,1,1,2
BRDA:2,1,2,2
BRF:5
BRH:5
end_of_record
TN:
SF:/Users/nimagardideh/Documents/workspace/pearmill/attribution.js/lib/queryParameters.js
FN:1,(anonymous_0)
FN:6,(anonymous_1)
FNF:2
FNH:2
FNDA:32,(anonymous_0)
FNDA:47,(anonymous_1)
DA:2,32
DA:3,32
DA:4,32
DA:7,47
DA:8,47
DA:9,47
DA:10,47
DA:12,47
DA:13,35
DA:17,32
LF:10
LH:10
BRDA:12,0,0,35
BRDA:12,0,1,12
BRF:2
BRH:2
end_of_record
TN:
SF:/Users/nimagardideh/Documents/workspace/pearmill/attribution.js/lib/visitParameters.js
FN:3,(anonymous_0)
FN:15,(anonymous_1)
FNF:2
FNH:2
FNDA:43,(anonymous_0)
FNDA:67,(anonymous_1)
DA:3,3
DA:4,43
DA:5,43
DA:7,43
DA:9,1
DA:11,1
DA:15,3
DA:16,67
DA:17,67
DA:18,66
DA:21,1
LF:11
LH:11
BRDA:7,0,0,43
BRDA:7,0,1,1
BRF:2
BRH:2
end_of_record
